<?xml version="1.0" encoding="UTF-8"?>
<testsuite xmlns:xsi="http://www.w3.org/2001/XMLSchema-instance" xsi:noNamespaceSchemaLocation="https://maven.apache.org/surefire/maven-surefire-plugin/xsd/surefire-test-report-3.0.xsd" version="3.0" name="com.project.runners.Runner" time="22.095" tests="1" errors="0" skipped="0" failures="1">
  <properties>
[...]
</properties>
  <testcase name="add skills in qualification" classname="As an admin user should be able to add different skills in qualifications" time="21.719">
    <failure message="mismatch skill name expected:&lt;[Automation using cucumber tool]&gt; but was:&lt;[User Friendly]&gt;" type="org.junit.ComparisonFailure"><![CDATA[org.junit.ComparisonFailure: mismatch skill name expected:<[Automation using cucumber tool]> but was:<[User Friendly]>
]]></failure>
    <system-out><![CDATA[
@story5 @tag1
Scenario: add skills in qualification                                             # src/test/resources/features/Story5.feature:8
Starting scenario -->add skills in qualification
  And user is logged with valid admin credentials                                 # com.project.steps.ModifiedQualificationSteps.user_is_logged_with_valid_admin_credentials()
  Then navigated to qualification page and click add button                       # com.project.steps.ModifiedQualificationSteps.navigated_to_qualification_page_and_click_add_button()
  And user modified different skills "User Friendly" and "can be work any person" # com.project.steps.ModifiedQualificationSteps.user_modified_different_skills_and(java.lang.String,java.lang.String)
      org.junit.ComparisonFailure: mismatch skill name expected:<[Automation using cucumber tool]> but was:<[User Friendly]>
	at org.junit.Assert.assertEquals(Assert.java:117)
	at com.project.steps.ModifiedQualificationSteps.user_modified_different_skills_and(ModifiedQualificationSteps.java:36)
	at ?.user modified different skills "User Friendly" and "can be work any person"(file:///C:/Users/16824/eclipse-workspace2/Dallas_TX/src/test/resources/features/Story5.feature:11)

Ending scenario -->add skills in qualification

    Embedding add skills in qualification [image/png 114736 bytes]

]]></system-out>
    <system-err><![CDATA[SLF4J: Failed to load class "org.slf4j.impl.StaticLoggerBinder".
SLF4J: Defaulting to no-operation (NOP) logger implementation
SLF4J: See http://www.slf4j.org/codes.html#StaticLoggerBinder for further details.
ChromeDriver was started successfully.
Jun 14, 2020 11:43:51 PM org.openqa.selenium.remote.ProtocolHandshake createSession
INFO: Detected dialect: W3C
]]></system-err>
  </testcase>
</testsuite>